{"name": "Отправка формы с пустыми полями", "status": "broken", "statusDetails": {"message": "selenium.common.exceptions.InvalidArgumentException: Message: invalid argument: 'using' must be a string\n  (Session info: chrome=126.0.6478.126)\nStacktrace:\n0   chromedriver                        0x00000001026faa80 chromedriver + 4385408\n1   chromedriver                        0x00000001026f338c chromedriver + 4354956\n2   chromedriver                        0x0000000102310b0c chromedriver + 281356\n3   chromedriver                        0x0000000102352da8 chromedriver + 552360\n4   chromedriver                        0x000000010238bd24 chromedriver + 785700\n5   chromedriver                        0x0000000102347eec chromedriver + 507628\n6   chromedriver                        0x00000001023488c4 chromedriver + 510148\n7   chromedriver                        0x00000001026c243c chromedriver + 4154428\n8   chromedriver                        0x00000001026c6ea0 chromedriver + 4173472\n9   chromedriver                        0x00000001026a7ff8 chromedriver + 4046840\n10  chromedriver                        0x00000001026c778c chromedriver + 4175756\n11  chromedriver                        0x000000010269afb8 chromedriver + 3993528\n12  chromedriver                        0x00000001026e521c chromedriver + 4297244\n13  chromedriver                        0x00000001026e5398 chromedriver + 4297624\n14  chromedriver                        0x00000001026f2f84 chromedriver + 4353924\n15  libsystem_pthread.dylib             0x000000019ec5ef94 _pthread_start + 136\n16  libsystem_pthread.dylib             0x000000019ec59d34 thread_start + 8", "trace": "browser = <selenium.webdriver.chrome.webdriver.WebDriver (session=\"4f0c15bc46f430fb134e862ab010e02c\")>\n\n    @allure.title(\"Отправка формы с пустыми полями\")\n    def test_blank_form_submit(browser):\n        registration_page = RegistrationPage(browser)\n        registration_page.open_page()\n        registration_page.submit_form()\n>       registration_page.is_element_not_displayed(registration_page.table_modal)\n\ntest_registration_page.py:67: \n_ _ _ _ _ _ _ _ _ _ _ _ _ _ _ _ _ _ _ _ _ _ _ _ _ _ _ _ _ _ _ _ _ _ _ _ _ _ _ _ \n../pages/registration_page.py:66: in is_element_not_displayed\n    elements = self.driver.find_elements(value)\n/Library/Frameworks/Python.framework/Versions/3.12/lib/python3.12/site-packages/selenium/webdriver/remote/webdriver.py:778: in find_elements\n    return self.execute(Command.FIND_ELEMENTS, {\"using\": by, \"value\": value})[\"value\"] or []\n/Library/Frameworks/Python.framework/Versions/3.12/lib/python3.12/site-packages/selenium/webdriver/remote/webdriver.py:354: in execute\n    self.error_handler.check_response(response)\n_ _ _ _ _ _ _ _ _ _ _ _ _ _ _ _ _ _ _ _ _ _ _ _ _ _ _ _ _ _ _ _ _ _ _ _ _ _ _ _ \n\nself = <selenium.webdriver.remote.errorhandler.ErrorHandler object at 0x102a945f0>\nresponse = {'status': 400, 'value': '{\"value\":{\"error\":\"invalid argument\",\"message\":\"invalid argument: \\'using\\' must be a string...00019ec5ef94 _pthread_start + 136\\\\n16  libsystem_pthread.dylib             0x000000019ec59d34 thread_start + 8\\\\n\"}}'}\n\n    def check_response(self, response: Dict[str, Any]) -> None:\n        \"\"\"Checks that a JSON response from the WebDriver does not have an\n        error.\n    \n        :Args:\n         - response - The JSON response from the WebDriver server as a dictionary\n           object.\n    \n        :Raises: If the response contains an error message.\n        \"\"\"\n        status = response.get(\"status\", None)\n        if not status or status == ErrorCode.SUCCESS:\n            return\n        value = None\n        message = response.get(\"message\", \"\")\n        screen: str = response.get(\"screen\", \"\")\n        stacktrace = None\n        if isinstance(status, int):\n            value_json = response.get(\"value\", None)\n            if value_json and isinstance(value_json, str):\n                import json\n    \n                try:\n                    value = json.loads(value_json)\n                    if len(value) == 1:\n                        value = value[\"value\"]\n                    status = value.get(\"error\", None)\n                    if not status:\n                        status = value.get(\"status\", ErrorCode.UNKNOWN_ERROR)\n                        message = value.get(\"value\") or value.get(\"message\")\n                        if not isinstance(message, str):\n                            value = message\n                            message = message.get(\"message\")\n                    else:\n                        message = value.get(\"message\", None)\n                except ValueError:\n                    pass\n    \n        exception_class: Type[WebDriverException]\n        e = ErrorCode()\n        error_codes = [item for item in dir(e) if not item.startswith(\"__\")]\n        for error_code in error_codes:\n            error_info = getattr(ErrorCode, error_code)\n            if isinstance(error_info, list) and status in error_info:\n                exception_class = getattr(ExceptionMapping, error_code, WebDriverException)\n                break\n        else:\n            exception_class = WebDriverException\n    \n        if not value:\n            value = response[\"value\"]\n        if isinstance(value, str):\n            raise exception_class(value)\n        if message == \"\" and \"message\" in value:\n            message = value[\"message\"]\n    \n        screen = None  # type: ignore[assignment]\n        if \"screen\" in value:\n            screen = value[\"screen\"]\n    \n        stacktrace = None\n        st_value = value.get(\"stackTrace\") or value.get(\"stacktrace\")\n        if st_value:\n            if isinstance(st_value, str):\n                stacktrace = st_value.split(\"\\n\")\n            else:\n                stacktrace = []\n                try:\n                    for frame in st_value:\n                        line = frame.get(\"lineNumber\", \"\")\n                        file = frame.get(\"fileName\", \"<anonymous>\")\n                        if line:\n                            file = f\"{file}:{line}\"\n                        meth = frame.get(\"methodName\", \"<anonymous>\")\n                        if \"className\" in frame:\n                            meth = f\"{frame['className']}.{meth}\"\n                        msg = \"    at %s (%s)\"\n                        msg = msg % (meth, file)\n                        stacktrace.append(msg)\n                except TypeError:\n                    pass\n        if exception_class == UnexpectedAlertPresentException:\n            alert_text = None\n            if \"data\" in value:\n                alert_text = value[\"data\"].get(\"text\")\n            elif \"alert\" in value:\n                alert_text = value[\"alert\"].get(\"text\")\n            raise exception_class(message, screen, stacktrace, alert_text)  # type: ignore[call-arg]  # mypy is not smart enough here\n>       raise exception_class(message, screen, stacktrace)\nE       selenium.common.exceptions.InvalidArgumentException: Message: invalid argument: 'using' must be a string\nE         (Session info: chrome=126.0.6478.126)\nE       Stacktrace:\nE       0   chromedriver                        0x00000001026faa80 chromedriver + 4385408\nE       1   chromedriver                        0x00000001026f338c chromedriver + 4354956\nE       2   chromedriver                        0x0000000102310b0c chromedriver + 281356\nE       3   chromedriver                        0x0000000102352da8 chromedriver + 552360\nE       4   chromedriver                        0x000000010238bd24 chromedriver + 785700\nE       5   chromedriver                        0x0000000102347eec chromedriver + 507628\nE       6   chromedriver                        0x00000001023488c4 chromedriver + 510148\nE       7   chromedriver                        0x00000001026c243c chromedriver + 4154428\nE       8   chromedriver                        0x00000001026c6ea0 chromedriver + 4173472\nE       9   chromedriver                        0x00000001026a7ff8 chromedriver + 4046840\nE       10  chromedriver                        0x00000001026c778c chromedriver + 4175756\nE       11  chromedriver                        0x000000010269afb8 chromedriver + 3993528\nE       12  chromedriver                        0x00000001026e521c chromedriver + 4297244\nE       13  chromedriver                        0x00000001026e5398 chromedriver + 4297624\nE       14  chromedriver                        0x00000001026f2f84 chromedriver + 4353924\nE       15  libsystem_pthread.dylib             0x000000019ec5ef94 _pthread_start + 136\nE       16  libsystem_pthread.dylib             0x000000019ec59d34 thread_start + 8\n\n/Library/Frameworks/Python.framework/Versions/3.12/lib/python3.12/site-packages/selenium/webdriver/remote/errorhandler.py:229: InvalidArgumentException"}, "start": 1719409128928, "stop": 1719409138892, "uuid": "a63d71a1-d2c8-4dae-af1b-e57a9c2bc3f7", "historyId": "5178ec39d08ddf99d23615bf70860d31", "testCaseId": "5178ec39d08ddf99d23615bf70860d31", "fullName": "tests.test_registration_page#test_blank_form_submit", "labels": [{"name": "parentSuite", "value": "tests"}, {"name": "suite", "value": "test_registration_page"}, {"name": "host", "value": "MacBook-Air-Damir.local"}, {"name": "thread", "value": "61230-MainThread"}, {"name": "framework", "value": "pytest"}, {"name": "language", "value": "cpython3"}, {"name": "package", "value": "tests.test_registration_page"}]}