{"name": "Отправка формы с вводом некорректных данных в обязательные поля", "status": "broken", "statusDetails": {"message": "selenium.common.exceptions.NoSuchElementException: Message: no such element: Unable to locate element: {\"method\":\"css selector\",\"selector\":\"[id=\"firstName\"]\"}\n  (Session info: chrome=126.0.6478.126); For documentation on this error, please visit: https://www.selenium.dev/documentation/webdriver/troubleshooting/errors#no-such-element-exception\nStacktrace:\n0   chromedriver                        0x000000010504ea80 chromedriver + 4385408\n1   chromedriver                        0x000000010504738c chromedriver + 4354956\n2   chromedriver                        0x0000000104c64b0c chromedriver + 281356\n3   chromedriver                        0x0000000104ca72f8 chromedriver + 553720\n4   chromedriver                        0x0000000104cdfd24 chromedriver + 785700\n5   chromedriver                        0x0000000104c9beec chromedriver + 507628\n6   chromedriver                        0x0000000104c9c8c4 chromedriver + 510148\n7   chromedriver                        0x000000010501643c chromedriver + 4154428\n8   chromedriver                        0x000000010501aea0 chromedriver + 4173472\n9   chromedriver                        0x0000000104ffbff8 chromedriver + 4046840\n10  chromedriver                        0x000000010501b78c chromedriver + 4175756\n11  chromedriver                        0x0000000104feefb8 chromedriver + 3993528\n12  chromedriver                        0x000000010503921c chromedriver + 4297244\n13  chromedriver                        0x0000000105039398 chromedriver + 4297624\n14  chromedriver                        0x0000000105046f84 chromedriver + 4353924\n15  libsystem_pthread.dylib             0x000000019ec5ef94 _pthread_start + 136\n16  libsystem_pthread.dylib             0x000000019ec59d34 thread_start + 8", "trace": "browser = <selenium.webdriver.chrome.webdriver.WebDriver (session=\"c014bc29101418bd6c847e51c5881644\")>\n\n    @allure.title(\"Отправка формы с вводом некорректных данных в обязательные поля\")\n    def test_filling_incorrect_data_in_required_inputs(browser):\n        registration_page = RegistrationPage(browser)\n        with allure.step(\"Открыть страницу с формой\"):\n            registration_page.open_page()\n        with allure.step(\"Ввести имя в поле 'First Name'\"):\n>           registration_page.enter_first_name(\"@Jango_123\")\n\ntest_registration_page.py:80: \n_ _ _ _ _ _ _ _ _ _ _ _ _ _ _ _ _ _ _ _ _ _ _ _ _ _ _ _ _ _ _ _ _ _ _ _ _ _ _ _ \n../pages/registration_page.py:71: in enter_first_name\n    element = self.driver.find_element(*self.first_name_input)\n/Library/Frameworks/Python.framework/Versions/3.12/lib/python3.12/site-packages/selenium/webdriver/remote/webdriver.py:748: in find_element\n    return self.execute(Command.FIND_ELEMENT, {\"using\": by, \"value\": value})[\"value\"]\n/Library/Frameworks/Python.framework/Versions/3.12/lib/python3.12/site-packages/selenium/webdriver/remote/webdriver.py:354: in execute\n    self.error_handler.check_response(response)\n_ _ _ _ _ _ _ _ _ _ _ _ _ _ _ _ _ _ _ _ _ _ _ _ _ _ _ _ _ _ _ _ _ _ _ _ _ _ _ _ \n\nself = <selenium.webdriver.remote.errorhandler.ErrorHandler object at 0x102df2540>\nresponse = {'status': 404, 'value': '{\"value\":{\"error\":\"no such element\",\"message\":\"no such element: Unable to locate element: {\\...00019ec5ef94 _pthread_start + 136\\\\n16  libsystem_pthread.dylib             0x000000019ec59d34 thread_start + 8\\\\n\"}}'}\n\n    def check_response(self, response: Dict[str, Any]) -> None:\n        \"\"\"Checks that a JSON response from the WebDriver does not have an\n        error.\n    \n        :Args:\n         - response - The JSON response from the WebDriver server as a dictionary\n           object.\n    \n        :Raises: If the response contains an error message.\n        \"\"\"\n        status = response.get(\"status\", None)\n        if not status or status == ErrorCode.SUCCESS:\n            return\n        value = None\n        message = response.get(\"message\", \"\")\n        screen: str = response.get(\"screen\", \"\")\n        stacktrace = None\n        if isinstance(status, int):\n            value_json = response.get(\"value\", None)\n            if value_json and isinstance(value_json, str):\n                import json\n    \n                try:\n                    value = json.loads(value_json)\n                    if len(value) == 1:\n                        value = value[\"value\"]\n                    status = value.get(\"error\", None)\n                    if not status:\n                        status = value.get(\"status\", ErrorCode.UNKNOWN_ERROR)\n                        message = value.get(\"value\") or value.get(\"message\")\n                        if not isinstance(message, str):\n                            value = message\n                            message = message.get(\"message\")\n                    else:\n                        message = value.get(\"message\", None)\n                except ValueError:\n                    pass\n    \n        exception_class: Type[WebDriverException]\n        e = ErrorCode()\n        error_codes = [item for item in dir(e) if not item.startswith(\"__\")]\n        for error_code in error_codes:\n            error_info = getattr(ErrorCode, error_code)\n            if isinstance(error_info, list) and status in error_info:\n                exception_class = getattr(ExceptionMapping, error_code, WebDriverException)\n                break\n        else:\n            exception_class = WebDriverException\n    \n        if not value:\n            value = response[\"value\"]\n        if isinstance(value, str):\n            raise exception_class(value)\n        if message == \"\" and \"message\" in value:\n            message = value[\"message\"]\n    \n        screen = None  # type: ignore[assignment]\n        if \"screen\" in value:\n            screen = value[\"screen\"]\n    \n        stacktrace = None\n        st_value = value.get(\"stackTrace\") or value.get(\"stacktrace\")\n        if st_value:\n            if isinstance(st_value, str):\n                stacktrace = st_value.split(\"\\n\")\n            else:\n                stacktrace = []\n                try:\n                    for frame in st_value:\n                        line = frame.get(\"lineNumber\", \"\")\n                        file = frame.get(\"fileName\", \"<anonymous>\")\n                        if line:\n                            file = f\"{file}:{line}\"\n                        meth = frame.get(\"methodName\", \"<anonymous>\")\n                        if \"className\" in frame:\n                            meth = f\"{frame['className']}.{meth}\"\n                        msg = \"    at %s (%s)\"\n                        msg = msg % (meth, file)\n                        stacktrace.append(msg)\n                except TypeError:\n                    pass\n        if exception_class == UnexpectedAlertPresentException:\n            alert_text = None\n            if \"data\" in value:\n                alert_text = value[\"data\"].get(\"text\")\n            elif \"alert\" in value:\n                alert_text = value[\"alert\"].get(\"text\")\n            raise exception_class(message, screen, stacktrace, alert_text)  # type: ignore[call-arg]  # mypy is not smart enough here\n>       raise exception_class(message, screen, stacktrace)\nE       selenium.common.exceptions.NoSuchElementException: Message: no such element: Unable to locate element: {\"method\":\"css selector\",\"selector\":\"[id=\"firstName\"]\"}\nE         (Session info: chrome=126.0.6478.126); For documentation on this error, please visit: https://www.selenium.dev/documentation/webdriver/troubleshooting/errors#no-such-element-exception\nE       Stacktrace:\nE       0   chromedriver                        0x000000010504ea80 chromedriver + 4385408\nE       1   chromedriver                        0x000000010504738c chromedriver + 4354956\nE       2   chromedriver                        0x0000000104c64b0c chromedriver + 281356\nE       3   chromedriver                        0x0000000104ca72f8 chromedriver + 553720\nE       4   chromedriver                        0x0000000104cdfd24 chromedriver + 785700\nE       5   chromedriver                        0x0000000104c9beec chromedriver + 507628\nE       6   chromedriver                        0x0000000104c9c8c4 chromedriver + 510148\nE       7   chromedriver                        0x000000010501643c chromedriver + 4154428\nE       8   chromedriver                        0x000000010501aea0 chromedriver + 4173472\nE       9   chromedriver                        0x0000000104ffbff8 chromedriver + 4046840\nE       10  chromedriver                        0x000000010501b78c chromedriver + 4175756\nE       11  chromedriver                        0x0000000104feefb8 chromedriver + 3993528\nE       12  chromedriver                        0x000000010503921c chromedriver + 4297244\nE       13  chromedriver                        0x0000000105039398 chromedriver + 4297624\nE       14  chromedriver                        0x0000000105046f84 chromedriver + 4353924\nE       15  libsystem_pthread.dylib             0x000000019ec5ef94 _pthread_start + 136\nE       16  libsystem_pthread.dylib             0x000000019ec59d34 thread_start + 8\n\n/Library/Frameworks/Python.framework/Versions/3.12/lib/python3.12/site-packages/selenium/webdriver/remote/errorhandler.py:229: NoSuchElementException"}, "steps": [{"name": "Открыть страницу с формой", "status": "passed", "start": 1719425071251, "stop": 1719425072888}, {"name": "Ввести имя в поле 'First Name'", "status": "broken", "statusDetails": {"message": "selenium.common.exceptions.NoSuchElementException: Message: no such element: Unable to locate element: {\"method\":\"css selector\",\"selector\":\"[id=\"firstName\"]\"}\n  (Session info: chrome=126.0.6478.126); For documentation on this error, please visit: https://www.selenium.dev/documentation/webdriver/troubleshooting/errors#no-such-element-exception\nStacktrace:\n0   chromedriver                        0x000000010504ea80 chromedriver + 4385408\n1   chromedriver                        0x000000010504738c chromedriver + 4354956\n2   chromedriver                        0x0000000104c64b0c chromedriver + 281356\n3   chromedriver                        0x0000000104ca72f8 chromedriver + 553720\n4   chromedriver                        0x0000000104cdfd24 chromedriver + 785700\n5   chromedriver                        0x0000000104c9beec chromedriver + 507628\n6   chromedriver                        0x0000000104c9c8c4 chromedriver + 510148\n7   chromedriver                        0x000000010501643c chromedriver + 4154428\n8   chromedriver                        0x000000010501aea0 chromedriver + 4173472\n9   chromedriver                        0x0000000104ffbff8 chromedriver + 4046840\n10  chromedriver                        0x000000010501b78c chromedriver + 4175756\n11  chromedriver                        0x0000000104feefb8 chromedriver + 3993528\n12  chromedriver                        0x000000010503921c chromedriver + 4297244\n13  chromedriver                        0x0000000105039398 chromedriver + 4297624\n14  chromedriver                        0x0000000105046f84 chromedriver + 4353924\n15  libsystem_pthread.dylib             0x000000019ec5ef94 _pthread_start + 136\n16  libsystem_pthread.dylib             0x000000019ec59d34 thread_start + 8\n\n", "trace": "  File \"/Users/damirzanguzanov/PycharmProjects/test_project/tests/test_registration_page.py\", line 80, in test_filling_incorrect_data_in_required_inputs\n    registration_page.enter_first_name(\"@Jango_123\")\n  File \"/Users/damirzanguzanov/PycharmProjects/test_project/pages/registration_page.py\", line 71, in enter_first_name\n    element = self.driver.find_element(*self.first_name_input)\n              ^^^^^^^^^^^^^^^^^^^^^^^^^^^^^^^^^^^^^^^^^^^^^^^^\n  File \"/Library/Frameworks/Python.framework/Versions/3.12/lib/python3.12/site-packages/selenium/webdriver/remote/webdriver.py\", line 748, in find_element\n    return self.execute(Command.FIND_ELEMENT, {\"using\": by, \"value\": value})[\"value\"]\n           ^^^^^^^^^^^^^^^^^^^^^^^^^^^^^^^^^^^^^^^^^^^^^^^^^^^^^^^^^^^^^^^^^\n  File \"/Library/Frameworks/Python.framework/Versions/3.12/lib/python3.12/site-packages/selenium/webdriver/remote/webdriver.py\", line 354, in execute\n    self.error_handler.check_response(response)\n  File \"/Library/Frameworks/Python.framework/Versions/3.12/lib/python3.12/site-packages/selenium/webdriver/remote/errorhandler.py\", line 229, in check_response\n    raise exception_class(message, screen, stacktrace)\n"}, "start": 1719425072888, "stop": 1719425072901}], "start": 1719425071251, "stop": 1719425072903, "uuid": "949dd3c0-f324-4386-8b21-d4a365e083e2", "historyId": "3856fa0c33a691f595a6065a596e5d11", "testCaseId": "3856fa0c33a691f595a6065a596e5d11", "fullName": "tests.test_registration_page#test_filling_incorrect_data_in_required_inputs", "labels": [{"name": "parentSuite", "value": "tests"}, {"name": "suite", "value": "test_registration_page"}, {"name": "host", "value": "MacBook-Air-Damir.local"}, {"name": "thread", "value": "62754-MainThread"}, {"name": "framework", "value": "pytest"}, {"name": "language", "value": "cpython3"}, {"name": "package", "value": "tests.test_registration_page"}]}