{"name": "Отправка формы с вводом некорректных данных в необязательные поля", "status": "broken", "statusDetails": {"message": "selenium.common.exceptions.NoSuchElementException: Message: Could not locate element with visible text: 200004; For documentation on this error, please visit: https://www.selenium.dev/documentation/webdriver/troubleshooting/errors#no-such-element-exception", "trace": "browser = <selenium.webdriver.chrome.webdriver.WebDriver (session=\"9a804318b36235a392990024ed24283a\")>\n\n    @allure.title(\"Отправка формы с вводом некорректных данных в необязательные поля\")\n    def test_filling_incorrect_data_in_optional_fields(browser):\n        registration_page = RegistrationPage(browser)\n        with allure.step(\"Открыть страницу с формой\"):\n            registration_page.open_page()\n        with allure.step(\"Ввести имя в поле 'First Name'\"):\n            registration_page.enter_first_name(FIRST_NAME)\n        with allure.step(\"Ввести фамилию в поле 'Last Name'\"):\n            registration_page.enter_last_name(LAST_NAME)\n        with allure.step(\"Ввести некорректный электронный почтовый адрес в поле 'Email'\"):\n            registration_page.enter_user_email(incorrect_email)\n        with allure.step(\"Выбрать пол, например 'Male'\"):\n            registration_page.choose_male_gender()\n        with allure.step(\"Ввести номер телефона в поле 'Mobile'\"):\n            registration_page.enter_phone_number(USER_PHONE_NUMBER)\n        with allure.step(\"Ввести некорректную дату рождения в поле 'Date of Birth'\"):\n>           registration_page.enter_date_of_birth(\"200004\", \"March\", 7)\n\ntest_registration_page.py:109: \n_ _ _ _ _ _ _ _ _ _ _ _ _ _ _ _ _ _ _ _ _ _ _ _ _ _ _ _ _ _ _ _ _ _ _ _ _ _ _ _ \n../pages/registration_page.py:102: in enter_date_of_birth\n    select_year.select_by_visible_text(year)\n_ _ _ _ _ _ _ _ _ _ _ _ _ _ _ _ _ _ _ _ _ _ _ _ _ _ _ _ _ _ _ _ _ _ _ _ _ _ _ _ \n\nself = <selenium.webdriver.support.select.Select object at 0x104221e20>\ntext = '200004'\n\n    def select_by_visible_text(self, text: str) -> None:\n        \"\"\"Select all options that display text matching the argument. That is,\n        when given \"Bar\" this would select an option like:\n    \n         <option value=\"foo\">Bar</option>\n    \n        :Args:\n         - text - The visible text to match against\n    \n         throws NoSuchElementException If there is no option with specified text in SELECT\n        \"\"\"\n        xpath = f\".//option[normalize-space(.) = {self._escape_string(text)}]\"\n        opts = self._el.find_elements(By.XPATH, xpath)\n        matched = False\n        for opt in opts:\n            self._set_selected(opt)\n            if not self.is_multiple:\n                return\n            matched = True\n    \n        if len(opts) == 0 and \" \" in text:\n            sub_string_without_space = self._get_longest_token(text)\n            if sub_string_without_space == \"\":\n                candidates = self.options\n            else:\n                xpath = f\".//option[contains(.,{self._escape_string(sub_string_without_space)})]\"\n                candidates = self._el.find_elements(By.XPATH, xpath)\n            for candidate in candidates:\n                if text == candidate.text:\n                    self._set_selected(candidate)\n                    if not self.is_multiple:\n                        return\n                    matched = True\n    \n        if not matched:\n>           raise NoSuchElementException(f\"Could not locate element with visible text: {text}\")\nE           selenium.common.exceptions.NoSuchElementException: Message: Could not locate element with visible text: 200004; For documentation on this error, please visit: https://www.selenium.dev/documentation/webdriver/troubleshooting/errors#no-such-element-exception\n\n/Library/Frameworks/Python.framework/Versions/3.12/lib/python3.12/site-packages/selenium/webdriver/support/select.py:137: NoSuchElementException"}, "steps": [{"name": "Открыть страницу с формой", "status": "passed", "start": 1719425967523, "stop": 1719425978870}, {"name": "Ввести имя в поле 'First Name'", "status": "passed", "start": 1719425978870, "stop": 1719425979046}, {"name": "Ввести фамилию в поле 'Last Name'", "status": "passed", "start": 1719425979046, "stop": 1719425979082}, {"name": "Ввести некорректный электронный почтовый адрес в поле 'Email'", "status": "passed", "start": 1719425979082, "stop": 1719425979131}, {"name": "Выбрать пол, например 'Male'", "status": "passed", "start": 1719425979131, "stop": 1719425979168}, {"name": "Ввести номер телефона в поле 'Mobile'", "status": "passed", "start": 1719425979168, "stop": 1719425979207}, {"name": "Ввести некорректную дату рождения в поле 'Date of Birth'", "status": "broken", "statusDetails": {"message": "selenium.common.exceptions.NoSuchElementException: Message: Could not locate element with visible text: 200004; For documentation on this error, please visit: https://www.selenium.dev/documentation/webdriver/troubleshooting/errors#no-such-element-exception\n\n", "trace": "  File \"/Users/damirzanguzanov/PycharmProjects/test_project/tests/test_registration_page.py\", line 109, in test_filling_incorrect_data_in_optional_fields\n    registration_page.enter_date_of_birth(\"200004\", \"March\", 7)\n  File \"/Users/damirzanguzanov/PycharmProjects/test_project/pages/registration_page.py\", line 102, in enter_date_of_birth\n    select_year.select_by_visible_text(year)\n  File \"/Library/Frameworks/Python.framework/Versions/3.12/lib/python3.12/site-packages/selenium/webdriver/support/select.py\", line 137, in select_by_visible_text\n    raise NoSuchElementException(f\"Could not locate element with visible text: {text}\")\n"}, "start": 1719425979207, "stop": 1719425979335}], "start": 1719425967523, "stop": 1719425979339, "uuid": "e2421cb5-a000-46f7-a806-8a60f24fbd0e", "historyId": "7b395ac003cc68220cfb6153efcabaf9", "testCaseId": "7b395ac003cc68220cfb6153efcabaf9", "fullName": "tests.test_registration_page#test_filling_incorrect_data_in_optional_fields", "labels": [{"name": "parentSuite", "value": "tests"}, {"name": "suite", "value": "test_registration_page"}, {"name": "host", "value": "MacBook-Air-Damir.local"}, {"name": "thread", "value": "63099-MainThread"}, {"name": "framework", "value": "pytest"}, {"name": "language", "value": "cpython3"}, {"name": "package", "value": "tests.test_registration_page"}]}