{"name": "Заполнение всех полей формы валидными данными", "status": "broken", "statusDetails": {"message": "selenium.common.exceptions.InvalidArgumentException: Message: invalid argument: File not found : /Users/damirzanguzanov/PycharmProjects/test_project/tests/tests/img/example_photo_KAIROSH.jpg\n  (Session info: chrome=126.0.6478.126)\nStacktrace:\n0   chromedriver                        0x0000000100636a80 chromedriver + 4385408\n1   chromedriver                        0x000000010062f38c chromedriver + 4354956\n2   chromedriver                        0x000000010024cb0c chromedriver + 281356\n3   chromedriver                        0x0000000100288c90 chromedriver + 527504\n4   chromedriver                        0x0000000100285734 chromedriver + 513844\n5   chromedriver                        0x00000001002c7d24 chromedriver + 785700\n6   chromedriver                        0x0000000100283eec chromedriver + 507628\n7   chromedriver                        0x00000001002848c4 chromedriver + 510148\n8   chromedriver                        0x00000001005fe43c chromedriver + 4154428\n9   chromedriver                        0x0000000100602ea0 chromedriver + 4173472\n10  chromedriver                        0x00000001005e3ff8 chromedriver + 4046840\n11  chromedriver                        0x000000010060378c chromedriver + 4175756\n12  chromedriver                        0x00000001005d6fb8 chromedriver + 3993528\n13  chromedriver                        0x000000010062121c chromedriver + 4297244\n14  chromedriver                        0x0000000100621398 chromedriver + 4297624\n15  chromedriver                        0x000000010062ef84 chromedriver + 4353924\n16  libsystem_pthread.dylib             0x000000019ec5ef94 _pthread_start + 136\n17  libsystem_pthread.dylib             0x000000019ec59d34 thread_start + 8", "trace": "browser = <selenium.webdriver.chrome.webdriver.WebDriver (session=\"76b5abe20acafde100abc753d3203844\")>\n\n    @allure.title(\"Заполнение всех полей формы валидными данными\")\n    def test_fill_all_input_fields(browser):\n        registration_page = RegistrationPage(browser)\n        with allure.step(\"Открыть страницу с формой\"):\n            registration_page.open_page()\n        with allure.step(\"Ввести имя в поле 'First Name'\"):\n            registration_page.enter_first_name(FIRST_NAME)\n        with allure.step(\"Ввести фамилию в поле 'Last Name'\"):\n            registration_page.enter_last_name(LAST_NAME)\n        with allure.step(\"Ввести электронный почтовый адрес в поле 'Email'\"):\n            registration_page.enter_user_email(USER_EMAIL)\n        with allure.step(\"Выбрать пол, например 'Male'\"):\n            registration_page.choose_male_gender()\n        with allure.step(\"Ввести номер телефона в поле 'Mobile'\"):\n            registration_page.enter_phone_number(USER_PHONE_NUMBER)\n        with allure.step(\"Ввести дату рождения в поле 'Date of Birth'\"):\n            registration_page.enter_date_of_birth(\"2005\", \"March\", 7)\n        with allure.step(\"Добавить предметы в поле 'Subjects', например 'English'\"):\n            registration_page.enter_user_subjects(SUBJECTS[0])\n        with allure.step(\"Выбрать хобби в поле 'Hobbies', например 'Sports'\"):\n            registration_page.choose_sports_hobbie()\n        with allure.step(\"Загрузить фотографию нажатием на кнопку 'Choose file'\"):\n>           registration_page.upload_photo(PHOTO_PATH)\n\ntest_registration_page.py:30: \n_ _ _ _ _ _ _ _ _ _ _ _ _ _ _ _ _ _ _ _ _ _ _ _ _ _ _ _ _ _ _ _ _ _ _ _ _ _ _ _ \n../pages/registration_page.py:133: in upload_photo\n    element.send_keys(file_path)\n/Library/Frameworks/Python.framework/Versions/3.12/lib/python3.12/site-packages/selenium/webdriver/remote/webelement.py:231: in send_keys\n    self._execute(\n/Library/Frameworks/Python.framework/Versions/3.12/lib/python3.12/site-packages/selenium/webdriver/remote/webelement.py:395: in _execute\n    return self._parent.execute(command, params)\n/Library/Frameworks/Python.framework/Versions/3.12/lib/python3.12/site-packages/selenium/webdriver/remote/webdriver.py:354: in execute\n    self.error_handler.check_response(response)\n_ _ _ _ _ _ _ _ _ _ _ _ _ _ _ _ _ _ _ _ _ _ _ _ _ _ _ _ _ _ _ _ _ _ _ _ _ _ _ _ \n\nself = <selenium.webdriver.remote.errorhandler.ErrorHandler object at 0x107a22750>\nresponse = {'status': 400, 'value': '{\"value\":{\"error\":\"invalid argument\",\"message\":\"invalid argument: File not found : /Users/da...00019ec5ef94 _pthread_start + 136\\\\n17  libsystem_pthread.dylib             0x000000019ec59d34 thread_start + 8\\\\n\"}}'}\n\n    def check_response(self, response: Dict[str, Any]) -> None:\n        \"\"\"Checks that a JSON response from the WebDriver does not have an\n        error.\n    \n        :Args:\n         - response - The JSON response from the WebDriver server as a dictionary\n           object.\n    \n        :Raises: If the response contains an error message.\n        \"\"\"\n        status = response.get(\"status\", None)\n        if not status or status == ErrorCode.SUCCESS:\n            return\n        value = None\n        message = response.get(\"message\", \"\")\n        screen: str = response.get(\"screen\", \"\")\n        stacktrace = None\n        if isinstance(status, int):\n            value_json = response.get(\"value\", None)\n            if value_json and isinstance(value_json, str):\n                import json\n    \n                try:\n                    value = json.loads(value_json)\n                    if len(value) == 1:\n                        value = value[\"value\"]\n                    status = value.get(\"error\", None)\n                    if not status:\n                        status = value.get(\"status\", ErrorCode.UNKNOWN_ERROR)\n                        message = value.get(\"value\") or value.get(\"message\")\n                        if not isinstance(message, str):\n                            value = message\n                            message = message.get(\"message\")\n                    else:\n                        message = value.get(\"message\", None)\n                except ValueError:\n                    pass\n    \n        exception_class: Type[WebDriverException]\n        e = ErrorCode()\n        error_codes = [item for item in dir(e) if not item.startswith(\"__\")]\n        for error_code in error_codes:\n            error_info = getattr(ErrorCode, error_code)\n            if isinstance(error_info, list) and status in error_info:\n                exception_class = getattr(ExceptionMapping, error_code, WebDriverException)\n                break\n        else:\n            exception_class = WebDriverException\n    \n        if not value:\n            value = response[\"value\"]\n        if isinstance(value, str):\n            raise exception_class(value)\n        if message == \"\" and \"message\" in value:\n            message = value[\"message\"]\n    \n        screen = None  # type: ignore[assignment]\n        if \"screen\" in value:\n            screen = value[\"screen\"]\n    \n        stacktrace = None\n        st_value = value.get(\"stackTrace\") or value.get(\"stacktrace\")\n        if st_value:\n            if isinstance(st_value, str):\n                stacktrace = st_value.split(\"\\n\")\n            else:\n                stacktrace = []\n                try:\n                    for frame in st_value:\n                        line = frame.get(\"lineNumber\", \"\")\n                        file = frame.get(\"fileName\", \"<anonymous>\")\n                        if line:\n                            file = f\"{file}:{line}\"\n                        meth = frame.get(\"methodName\", \"<anonymous>\")\n                        if \"className\" in frame:\n                            meth = f\"{frame['className']}.{meth}\"\n                        msg = \"    at %s (%s)\"\n                        msg = msg % (meth, file)\n                        stacktrace.append(msg)\n                except TypeError:\n                    pass\n        if exception_class == UnexpectedAlertPresentException:\n            alert_text = None\n            if \"data\" in value:\n                alert_text = value[\"data\"].get(\"text\")\n            elif \"alert\" in value:\n                alert_text = value[\"alert\"].get(\"text\")\n            raise exception_class(message, screen, stacktrace, alert_text)  # type: ignore[call-arg]  # mypy is not smart enough here\n>       raise exception_class(message, screen, stacktrace)\nE       selenium.common.exceptions.InvalidArgumentException: Message: invalid argument: File not found : /Users/damirzanguzanov/PycharmProjects/test_project/tests/tests/img/example_photo_KAIROSH.jpg\nE         (Session info: chrome=126.0.6478.126)\nE       Stacktrace:\nE       0   chromedriver                        0x0000000100636a80 chromedriver + 4385408\nE       1   chromedriver                        0x000000010062f38c chromedriver + 4354956\nE       2   chromedriver                        0x000000010024cb0c chromedriver + 281356\nE       3   chromedriver                        0x0000000100288c90 chromedriver + 527504\nE       4   chromedriver                        0x0000000100285734 chromedriver + 513844\nE       5   chromedriver                        0x00000001002c7d24 chromedriver + 785700\nE       6   chromedriver                        0x0000000100283eec chromedriver + 507628\nE       7   chromedriver                        0x00000001002848c4 chromedriver + 510148\nE       8   chromedriver                        0x00000001005fe43c chromedriver + 4154428\nE       9   chromedriver                        0x0000000100602ea0 chromedriver + 4173472\nE       10  chromedriver                        0x00000001005e3ff8 chromedriver + 4046840\nE       11  chromedriver                        0x000000010060378c chromedriver + 4175756\nE       12  chromedriver                        0x00000001005d6fb8 chromedriver + 3993528\nE       13  chromedriver                        0x000000010062121c chromedriver + 4297244\nE       14  chromedriver                        0x0000000100621398 chromedriver + 4297624\nE       15  chromedriver                        0x000000010062ef84 chromedriver + 4353924\nE       16  libsystem_pthread.dylib             0x000000019ec5ef94 _pthread_start + 136\nE       17  libsystem_pthread.dylib             0x000000019ec59d34 thread_start + 8\n\n/Library/Frameworks/Python.framework/Versions/3.12/lib/python3.12/site-packages/selenium/webdriver/remote/errorhandler.py:229: InvalidArgumentException"}, "steps": [{"name": "Открыть страницу с формой", "status": "passed", "start": 1719426385167, "stop": 1719426408348}, {"name": "Ввести имя в поле 'First Name'", "status": "passed", "start": 1719426408350, "stop": 1719426408553}, {"name": "Ввести фамилию в поле 'Last Name'", "status": "passed", "start": 1719426408553, "stop": 1719426408586}, {"name": "Ввести электронный почтовый адрес в поле 'Email'", "status": "passed", "start": 1719426408586, "stop": 1719426408624}, {"name": "Выбрать пол, например 'Male'", "status": "passed", "start": 1719426408624, "stop": 1719426408659}, {"name": "Ввести номер телефона в поле 'Mobile'", "status": "passed", "start": 1719426408659, "stop": 1719426408691}, {"name": "Ввести дату рождения в поле 'Date of Birth'", "status": "passed", "start": 1719426408692, "stop": 1719426408928}, {"name": "Добавить предметы в поле 'Subjects', например 'English'", "status": "passed", "start": 1719426408929, "stop": 1719426409034}, {"name": "Выбрать хобби в поле 'Hobbies', например 'Sports'", "status": "passed", "start": 1719426409034, "stop": 1719426409090}, {"name": "Загрузить фотографию нажатием на кнопку 'Choose file'", "status": "broken", "statusDetails": {"message": "selenium.common.exceptions.InvalidArgumentException: Message: invalid argument: File not found : /Users/damirzanguzanov/PycharmProjects/test_project/tests/tests/img/example_photo_KAIROSH.jpg\n  (Session info: chrome=126.0.6478.126)\nStacktrace:\n0   chromedriver                        0x0000000100636a80 chromedriver + 4385408\n1   chromedriver                        0x000000010062f38c chromedriver + 4354956\n2   chromedriver                        0x000000010024cb0c chromedriver + 281356\n3   chromedriver                        0x0000000100288c90 chromedriver + 527504\n4   chromedriver                        0x0000000100285734 chromedriver + 513844\n5   chromedriver                        0x00000001002c7d24 chromedriver + 785700\n6   chromedriver                        0x0000000100283eec chromedriver + 507628\n7   chromedriver                        0x00000001002848c4 chromedriver + 510148\n8   chromedriver                        0x00000001005fe43c chromedriver + 4154428\n9   chromedriver                        0x0000000100602ea0 chromedriver + 4173472\n10  chromedriver                        0x00000001005e3ff8 chromedriver + 4046840\n11  chromedriver                        0x000000010060378c chromedriver + 4175756\n12  chromedriver                        0x00000001005d6fb8 chromedriver + 3993528\n13  chromedriver                        0x000000010062121c chromedriver + 4297244\n14  chromedriver                        0x0000000100621398 chromedriver + 4297624\n15  chromedriver                        0x000000010062ef84 chromedriver + 4353924\n16  libsystem_pthread.dylib             0x000000019ec5ef94 _pthread_start + 136\n17  libsystem_pthread.dylib             0x000000019ec59d34 thread_start + 8\n\n", "trace": "  File \"/Users/damirzanguzanov/PycharmProjects/test_project/tests/test_registration_page.py\", line 30, in test_fill_all_input_fields\n    registration_page.upload_photo(PHOTO_PATH)\n  File \"/Users/damirzanguzanov/PycharmProjects/test_project/pages/registration_page.py\", line 133, in upload_photo\n    element.send_keys(file_path)\n  File \"/Library/Frameworks/Python.framework/Versions/3.12/lib/python3.12/site-packages/selenium/webdriver/remote/webelement.py\", line 231, in send_keys\n    self._execute(\n  File \"/Library/Frameworks/Python.framework/Versions/3.12/lib/python3.12/site-packages/selenium/webdriver/remote/webelement.py\", line 395, in _execute\n    return self._parent.execute(command, params)\n           ^^^^^^^^^^^^^^^^^^^^^^^^^^^^^^^^^^^^^\n  File \"/Library/Frameworks/Python.framework/Versions/3.12/lib/python3.12/site-packages/selenium/webdriver/remote/webdriver.py\", line 354, in execute\n    self.error_handler.check_response(response)\n  File \"/Library/Frameworks/Python.framework/Versions/3.12/lib/python3.12/site-packages/selenium/webdriver/remote/errorhandler.py\", line 229, in check_response\n    raise exception_class(message, screen, stacktrace)\n"}, "start": 1719426409091, "stop": 1719426409109}], "start": 1719426385167, "stop": 1719426409115, "uuid": "a20a7987-9204-4e85-972e-88d66e8f2344", "historyId": "07ac8b1e009162118d2d6be7a8c18833", "testCaseId": "07ac8b1e009162118d2d6be7a8c18833", "fullName": "tests.test_registration_page#test_fill_all_input_fields", "labels": [{"name": "parentSuite", "value": "tests"}, {"name": "suite", "value": "test_registration_page"}, {"name": "host", "value": "MacBook-Air-Damir.local"}, {"name": "thread", "value": "63906-MainThread"}, {"name": "framework", "value": "pytest"}, {"name": "language", "value": "cpython3"}, {"name": "package", "value": "tests.test_registration_page"}]}