{"name": "Заполнение всех полей формы валидными данными", "status": "broken", "statusDetails": {"message": "selenium.common.exceptions.NoSuchElementException: Message: no such element: Unable to locate element: {\"method\":\"css selector\",\"selector\":\"[id=\"firstName\"]\"}\n  (Session info: chrome=126.0.6478.126); For documentation on this error, please visit: https://www.selenium.dev/documentation/webdriver/troubleshooting/errors#no-such-element-exception\nStacktrace:\n0   chromedriver                        0x0000000102e0aa80 chromedriver + 4385408\n1   chromedriver                        0x0000000102e0338c chromedriver + 4354956\n2   chromedriver                        0x0000000102a20b0c chromedriver + 281356\n3   chromedriver                        0x0000000102a632f8 chromedriver + 553720\n4   chromedriver                        0x0000000102a9bd24 chromedriver + 785700\n5   chromedriver                        0x0000000102a57eec chromedriver + 507628\n6   chromedriver                        0x0000000102a588c4 chromedriver + 510148\n7   chromedriver                        0x0000000102dd243c chromedriver + 4154428\n8   chromedriver                        0x0000000102dd6ea0 chromedriver + 4173472\n9   chromedriver                        0x0000000102db7ff8 chromedriver + 4046840\n10  chromedriver                        0x0000000102dd778c chromedriver + 4175756\n11  chromedriver                        0x0000000102daafb8 chromedriver + 3993528\n12  chromedriver                        0x0000000102df521c chromedriver + 4297244\n13  chromedriver                        0x0000000102df5398 chromedriver + 4297624\n14  chromedriver                        0x0000000102e02f84 chromedriver + 4353924\n15  libsystem_pthread.dylib             0x000000019ec5ef94 _pthread_start + 136\n16  libsystem_pthread.dylib             0x000000019ec59d34 thread_start + 8", "trace": "browser = <selenium.webdriver.chrome.webdriver.WebDriver (session=\"96112c0927ff670bc2604c18b8871078\")>\n\n    @allure.title(\"Заполнение всех полей формы валидными данными\")\n    def test_fill_all_input_fields(browser):\n        registration_page = RegistrationPage(browser)\n        with allure.step(\"Открыть страницу с формой\"):\n            registration_page.open_page()\n        with allure.step(\"Ввести имя в поле 'First Name'\"):\n>           registration_page.enter_first_name(FIRST_NAME)\n\ntest_registration_page.py:14: \n_ _ _ _ _ _ _ _ _ _ _ _ _ _ _ _ _ _ _ _ _ _ _ _ _ _ _ _ _ _ _ _ _ _ _ _ _ _ _ _ \n../pages/registration_page.py:71: in enter_first_name\n    element = self.driver.find_element(*self.first_name_input)\n/Library/Frameworks/Python.framework/Versions/3.12/lib/python3.12/site-packages/selenium/webdriver/remote/webdriver.py:748: in find_element\n    return self.execute(Command.FIND_ELEMENT, {\"using\": by, \"value\": value})[\"value\"]\n/Library/Frameworks/Python.framework/Versions/3.12/lib/python3.12/site-packages/selenium/webdriver/remote/webdriver.py:354: in execute\n    self.error_handler.check_response(response)\n_ _ _ _ _ _ _ _ _ _ _ _ _ _ _ _ _ _ _ _ _ _ _ _ _ _ _ _ _ _ _ _ _ _ _ _ _ _ _ _ \n\nself = <selenium.webdriver.remote.errorhandler.ErrorHandler object at 0x107617710>\nresponse = {'status': 404, 'value': '{\"value\":{\"error\":\"no such element\",\"message\":\"no such element: Unable to locate element: {\\...00019ec5ef94 _pthread_start + 136\\\\n16  libsystem_pthread.dylib             0x000000019ec59d34 thread_start + 8\\\\n\"}}'}\n\n    def check_response(self, response: Dict[str, Any]) -> None:\n        \"\"\"Checks that a JSON response from the WebDriver does not have an\n        error.\n    \n        :Args:\n         - response - The JSON response from the WebDriver server as a dictionary\n           object.\n    \n        :Raises: If the response contains an error message.\n        \"\"\"\n        status = response.get(\"status\", None)\n        if not status or status == ErrorCode.SUCCESS:\n            return\n        value = None\n        message = response.get(\"message\", \"\")\n        screen: str = response.get(\"screen\", \"\")\n        stacktrace = None\n        if isinstance(status, int):\n            value_json = response.get(\"value\", None)\n            if value_json and isinstance(value_json, str):\n                import json\n    \n                try:\n                    value = json.loads(value_json)\n                    if len(value) == 1:\n                        value = value[\"value\"]\n                    status = value.get(\"error\", None)\n                    if not status:\n                        status = value.get(\"status\", ErrorCode.UNKNOWN_ERROR)\n                        message = value.get(\"value\") or value.get(\"message\")\n                        if not isinstance(message, str):\n                            value = message\n                            message = message.get(\"message\")\n                    else:\n                        message = value.get(\"message\", None)\n                except ValueError:\n                    pass\n    \n        exception_class: Type[WebDriverException]\n        e = ErrorCode()\n        error_codes = [item for item in dir(e) if not item.startswith(\"__\")]\n        for error_code in error_codes:\n            error_info = getattr(ErrorCode, error_code)\n            if isinstance(error_info, list) and status in error_info:\n                exception_class = getattr(ExceptionMapping, error_code, WebDriverException)\n                break\n        else:\n            exception_class = WebDriverException\n    \n        if not value:\n            value = response[\"value\"]\n        if isinstance(value, str):\n            raise exception_class(value)\n        if message == \"\" and \"message\" in value:\n            message = value[\"message\"]\n    \n        screen = None  # type: ignore[assignment]\n        if \"screen\" in value:\n            screen = value[\"screen\"]\n    \n        stacktrace = None\n        st_value = value.get(\"stackTrace\") or value.get(\"stacktrace\")\n        if st_value:\n            if isinstance(st_value, str):\n                stacktrace = st_value.split(\"\\n\")\n            else:\n                stacktrace = []\n                try:\n                    for frame in st_value:\n                        line = frame.get(\"lineNumber\", \"\")\n                        file = frame.get(\"fileName\", \"<anonymous>\")\n                        if line:\n                            file = f\"{file}:{line}\"\n                        meth = frame.get(\"methodName\", \"<anonymous>\")\n                        if \"className\" in frame:\n                            meth = f\"{frame['className']}.{meth}\"\n                        msg = \"    at %s (%s)\"\n                        msg = msg % (meth, file)\n                        stacktrace.append(msg)\n                except TypeError:\n                    pass\n        if exception_class == UnexpectedAlertPresentException:\n            alert_text = None\n            if \"data\" in value:\n                alert_text = value[\"data\"].get(\"text\")\n            elif \"alert\" in value:\n                alert_text = value[\"alert\"].get(\"text\")\n            raise exception_class(message, screen, stacktrace, alert_text)  # type: ignore[call-arg]  # mypy is not smart enough here\n>       raise exception_class(message, screen, stacktrace)\nE       selenium.common.exceptions.NoSuchElementException: Message: no such element: Unable to locate element: {\"method\":\"css selector\",\"selector\":\"[id=\"firstName\"]\"}\nE         (Session info: chrome=126.0.6478.126); For documentation on this error, please visit: https://www.selenium.dev/documentation/webdriver/troubleshooting/errors#no-such-element-exception\nE       Stacktrace:\nE       0   chromedriver                        0x0000000102e0aa80 chromedriver + 4385408\nE       1   chromedriver                        0x0000000102e0338c chromedriver + 4354956\nE       2   chromedriver                        0x0000000102a20b0c chromedriver + 281356\nE       3   chromedriver                        0x0000000102a632f8 chromedriver + 553720\nE       4   chromedriver                        0x0000000102a9bd24 chromedriver + 785700\nE       5   chromedriver                        0x0000000102a57eec chromedriver + 507628\nE       6   chromedriver                        0x0000000102a588c4 chromedriver + 510148\nE       7   chromedriver                        0x0000000102dd243c chromedriver + 4154428\nE       8   chromedriver                        0x0000000102dd6ea0 chromedriver + 4173472\nE       9   chromedriver                        0x0000000102db7ff8 chromedriver + 4046840\nE       10  chromedriver                        0x0000000102dd778c chromedriver + 4175756\nE       11  chromedriver                        0x0000000102daafb8 chromedriver + 3993528\nE       12  chromedriver                        0x0000000102df521c chromedriver + 4297244\nE       13  chromedriver                        0x0000000102df5398 chromedriver + 4297624\nE       14  chromedriver                        0x0000000102e02f84 chromedriver + 4353924\nE       15  libsystem_pthread.dylib             0x000000019ec5ef94 _pthread_start + 136\nE       16  libsystem_pthread.dylib             0x000000019ec59d34 thread_start + 8\n\n/Library/Frameworks/Python.framework/Versions/3.12/lib/python3.12/site-packages/selenium/webdriver/remote/errorhandler.py:229: NoSuchElementException"}, "steps": [{"name": "Открыть страницу с формой", "status": "passed", "start": 1719426224374, "stop": 1719426228529}, {"name": "Ввести имя в поле 'First Name'", "status": "broken", "statusDetails": {"message": "selenium.common.exceptions.NoSuchElementException: Message: no such element: Unable to locate element: {\"method\":\"css selector\",\"selector\":\"[id=\"firstName\"]\"}\n  (Session info: chrome=126.0.6478.126); For documentation on this error, please visit: https://www.selenium.dev/documentation/webdriver/troubleshooting/errors#no-such-element-exception\nStacktrace:\n0   chromedriver                        0x0000000102e0aa80 chromedriver + 4385408\n1   chromedriver                        0x0000000102e0338c chromedriver + 4354956\n2   chromedriver                        0x0000000102a20b0c chromedriver + 281356\n3   chromedriver                        0x0000000102a632f8 chromedriver + 553720\n4   chromedriver                        0x0000000102a9bd24 chromedriver + 785700\n5   chromedriver                        0x0000000102a57eec chromedriver + 507628\n6   chromedriver                        0x0000000102a588c4 chromedriver + 510148\n7   chromedriver                        0x0000000102dd243c chromedriver + 4154428\n8   chromedriver                        0x0000000102dd6ea0 chromedriver + 4173472\n9   chromedriver                        0x0000000102db7ff8 chromedriver + 4046840\n10  chromedriver                        0x0000000102dd778c chromedriver + 4175756\n11  chromedriver                        0x0000000102daafb8 chromedriver + 3993528\n12  chromedriver                        0x0000000102df521c chromedriver + 4297244\n13  chromedriver                        0x0000000102df5398 chromedriver + 4297624\n14  chromedriver                        0x0000000102e02f84 chromedriver + 4353924\n15  libsystem_pthread.dylib             0x000000019ec5ef94 _pthread_start + 136\n16  libsystem_pthread.dylib             0x000000019ec59d34 thread_start + 8\n\n", "trace": "  File \"/Users/damirzanguzanov/PycharmProjects/test_project/tests/test_registration_page.py\", line 14, in test_fill_all_input_fields\n    registration_page.enter_first_name(FIRST_NAME)\n  File \"/Users/damirzanguzanov/PycharmProjects/test_project/pages/registration_page.py\", line 71, in enter_first_name\n    element = self.driver.find_element(*self.first_name_input)\n              ^^^^^^^^^^^^^^^^^^^^^^^^^^^^^^^^^^^^^^^^^^^^^^^^\n  File \"/Library/Frameworks/Python.framework/Versions/3.12/lib/python3.12/site-packages/selenium/webdriver/remote/webdriver.py\", line 748, in find_element\n    return self.execute(Command.FIND_ELEMENT, {\"using\": by, \"value\": value})[\"value\"]\n           ^^^^^^^^^^^^^^^^^^^^^^^^^^^^^^^^^^^^^^^^^^^^^^^^^^^^^^^^^^^^^^^^^\n  File \"/Library/Frameworks/Python.framework/Versions/3.12/lib/python3.12/site-packages/selenium/webdriver/remote/webdriver.py\", line 354, in execute\n    self.error_handler.check_response(response)\n  File \"/Library/Frameworks/Python.framework/Versions/3.12/lib/python3.12/site-packages/selenium/webdriver/remote/errorhandler.py\", line 229, in check_response\n    raise exception_class(message, screen, stacktrace)\n"}, "start": 1719426228529, "stop": 1719426228538}], "start": 1719426224374, "stop": 1719426228540, "uuid": "b254fd7c-2a96-4d0b-971b-1a99206b6393", "historyId": "07ac8b1e009162118d2d6be7a8c18833", "testCaseId": "07ac8b1e009162118d2d6be7a8c18833", "fullName": "tests.test_registration_page#test_fill_all_input_fields", "labels": [{"name": "parentSuite", "value": "tests"}, {"name": "suite", "value": "test_registration_page"}, {"name": "host", "value": "MacBook-Air-Damir.local"}, {"name": "thread", "value": "63564-MainThread"}, {"name": "framework", "value": "pytest"}, {"name": "language", "value": "cpython3"}, {"name": "package", "value": "tests.test_registration_page"}]}